<?xml version="1.0" encoding="UTF-8"?>
<coverage generated="1492317993631" clover="3.2.0">
  <project timestamp="1492317993631" name="All files">
    <metrics statements="126" coveredstatements="54" conditionals="53" coveredconditionals="21" methods="49" coveredmethods="13" elements="228" coveredelements="88" complexity="0" loc="126" ncloc="126" packages="3" files="10" classes="10">
      <package name="actions">
        <metrics statements="23" coveredstatements="7" conditionals="0" coveredconditionals="0" methods="17" coveredmethods="1"/>
        <file name="Header.js" path="/Users/brycedooley/Documents/hack reactor/siren/actions/Header.js">
          <metrics statements="3" coveredstatements="3" conditionals="0" coveredconditionals="0" methods="1" coveredmethods="1"/>
          <line num="1" count="1" type="stmt"/>
          <line num="5" count="1" type="stmt"/>
          <line num="7" count="2" type="stmt"/>
        </file>
        <file name="Player.js" path="/Users/brycedooley/Documents/hack reactor/siren/actions/Player.js">
          <metrics statements="11" coveredstatements="2" conditionals="0" coveredconditionals="0" methods="9" coveredmethods="0"/>
          <line num="1" count="1" type="stmt"/>
          <line num="13" count="1" type="stmt"/>
          <line num="15" count="0" type="stmt"/>
          <line num="18" count="0" type="stmt"/>
          <line num="21" count="0" type="stmt"/>
          <line num="24" count="0" type="stmt"/>
          <line num="27" count="0" type="stmt"/>
          <line num="30" count="0" type="stmt"/>
          <line num="33" count="0" type="stmt"/>
          <line num="36" count="0" type="stmt"/>
          <line num="39" count="0" type="stmt"/>
        </file>
        <file name="index.js" path="/Users/brycedooley/Documents/hack reactor/siren/actions/index.js">
          <metrics statements="9" coveredstatements="2" conditionals="0" coveredconditionals="0" methods="7" coveredmethods="0"/>
          <line num="1" count="1" type="stmt"/>
          <line num="11" count="1" type="stmt"/>
          <line num="13" count="0" type="stmt"/>
          <line num="16" count="0" type="stmt"/>
          <line num="19" count="0" type="stmt"/>
          <line num="22" count="0" type="stmt"/>
          <line num="25" count="0" type="stmt"/>
          <line num="28" count="0" type="stmt"/>
          <line num="31" count="0" type="stmt"/>
        </file>
      </package>
      <package name="components">
        <metrics statements="59" coveredstatements="19" conditionals="16" coveredconditionals="0" methods="29" coveredmethods="9"/>
        <file name="EpisodeListCard.js" path="/Users/brycedooley/Documents/hack reactor/siren/components/EpisodeListCard.js">
          <metrics statements="34" coveredstatements="4" conditionals="16" coveredconditionals="0" methods="10" coveredmethods="0"/>
          <line num="6" count="1" type="stmt"/>
          <line num="8" count="1" type="stmt"/>
          <line num="12" count="1" type="stmt"/>
          <line num="13" count="0" type="stmt"/>
          <line num="14" count="0" type="stmt"/>
          <line num="16" count="0" type="stmt"/>
          <line num="17" count="0" type="stmt"/>
          <line num="18" count="0" type="stmt"/>
          <line num="20" count="0" type="stmt"/>
          <line num="26" count="0" type="cond" truecount="0" falsecount="2"/>
          <line num="27" count="0" type="stmt"/>
          <line num="29" count="0" type="stmt"/>
          <line num="30" count="0" type="cond" truecount="0" falsecount="2"/>
          <line num="31" count="0" type="stmt"/>
          <line num="33" count="0" type="cond" truecount="0" falsecount="2"/>
          <line num="34" count="0" type="stmt"/>
          <line num="36" count="0" type="cond" truecount="0" falsecount="2"/>
          <line num="37" count="0" type="stmt"/>
          <line num="39" count="0" type="cond" truecount="0" falsecount="2"/>
          <line num="40" count="0" type="stmt"/>
          <line num="42" count="0" type="cond" truecount="0" falsecount="2"/>
          <line num="43" count="0" type="stmt"/>
          <line num="48" count="0" type="stmt"/>
          <line num="49" count="0" type="stmt"/>
          <line num="50" count="0" type="stmt"/>
          <line num="54" count="0" type="stmt"/>
          <line num="55" count="0" type="stmt"/>
          <line num="56" count="0" type="stmt"/>
          <line num="60" count="0" type="stmt"/>
          <line num="81" count="0" type="stmt"/>
          <line num="82" count="0" type="stmt"/>
          <line num="85" count="0" type="stmt"/>
          <line num="86" count="0" type="stmt"/>
          <line num="95" count="1" type="stmt"/>
        </file>
        <file name="Filter.js" path="/Users/brycedooley/Documents/hack reactor/siren/components/Filter.js">
          <metrics statements="14" coveredstatements="9" conditionals="0" coveredconditionals="0" methods="10" coveredmethods="5"/>
          <line num="8" count="1" type="stmt"/>
          <line num="10" count="1" type="stmt"/>
          <line num="18" count="1" type="stmt"/>
          <line num="19" count="1" type="stmt"/>
          <line num="20" count="7" type="stmt"/>
          <line num="22" count="1" type="stmt"/>
          <line num="26" count="1" type="stmt"/>
          <line num="33" count="0" type="stmt"/>
          <line num="44" count="0" type="stmt"/>
          <line num="55" count="0" type="stmt"/>
          <line num="69" count="0" type="stmt"/>
          <line num="71" count="4" type="stmt"/>
          <line num="77" count="0" type="stmt"/>
          <line num="84" count="1" type="stmt"/>
        </file>
        <file name="Header.js" path="/Users/brycedooley/Documents/hack reactor/siren/components/Header.js">
          <metrics statements="8" coveredstatements="3" conditionals="0" coveredconditionals="0" methods="7" coveredmethods="2"/>
          <line num="10" count="1" type="stmt"/>
          <line num="17" count="1" type="stmt"/>
          <line num="21" count="0" type="stmt"/>
          <line num="22" count="0" type="stmt"/>
          <line num="23" count="0" type="stmt"/>
          <line num="27" count="0" type="stmt"/>
          <line num="28" count="0" type="stmt"/>
          <line num="35" count="1" type="stmt"/>
        </file>
        <file name="Modal.js" path="/Users/brycedooley/Documents/hack reactor/siren/components/Modal.js">
          <metrics statements="3" coveredstatements="3" conditionals="0" coveredconditionals="0" methods="2" coveredmethods="2"/>
          <line num="6" count="1" type="stmt"/>
          <line num="13" count="1" type="stmt"/>
          <line num="32" count="1" type="stmt"/>
        </file>
      </package>
      <package name="reducers">
        <metrics statements="44" coveredstatements="28" conditionals="37" coveredconditionals="21" methods="3" coveredmethods="3"/>
        <file name="Header.js" path="/Users/brycedooley/Documents/hack reactor/siren/reducers/Header.js">
          <metrics statements="5" coveredstatements="5" conditionals="3" coveredconditionals="3" methods="1" coveredmethods="1"/>
          <line num="3" count="1" type="stmt"/>
          <line num="7" count="1" type="cond" truecount="1" falsecount="0"/>
          <line num="8" count="5" type="cond" truecount="2" falsecount="0"/>
          <line num="9" count="1" type="stmt"/>
          <line num="11" count="4" type="stmt"/>
        </file>
        <file name="Player.js" path="/Users/brycedooley/Documents/hack reactor/siren/reducers/Player.js">
          <metrics statements="21" coveredstatements="12" conditionals="19" coveredconditionals="10" methods="1" coveredmethods="1"/>
          <line num="3" count="1" type="stmt"/>
          <line num="14" count="1" type="cond" truecount="1" falsecount="0"/>
          <line num="15" count="3" type="cond" truecount="1" falsecount="1"/>
          <line num="16" count="0" type="stmt"/>
          <line num="18" count="3" type="cond" truecount="1" falsecount="1"/>
          <line num="19" count="0" type="stmt"/>
          <line num="21" count="3" type="cond" truecount="1" falsecount="1"/>
          <line num="22" count="0" type="stmt"/>
          <line num="24" count="3" type="cond" truecount="1" falsecount="1"/>
          <line num="25" count="0" type="stmt"/>
          <line num="27" count="3" type="cond" truecount="1" falsecount="1"/>
          <line num="28" count="0" type="stmt"/>
          <line num="30" count="3" type="cond" truecount="1" falsecount="1"/>
          <line num="31" count="0" type="stmt"/>
          <line num="33" count="3" type="cond" truecount="1" falsecount="1"/>
          <line num="34" count="0" type="stmt"/>
          <line num="36" count="3" type="cond" truecount="1" falsecount="1"/>
          <line num="37" count="0" type="stmt"/>
          <line num="39" count="3" type="cond" truecount="1" falsecount="1"/>
          <line num="40" count="0" type="stmt"/>
          <line num="43" count="3" type="stmt"/>
        </file>
        <file name="index.js" path="/Users/brycedooley/Documents/hack reactor/siren/reducers/index.js">
          <metrics statements="18" coveredstatements="11" conditionals="15" coveredconditionals="8" methods="1" coveredmethods="1"/>
          <line num="7" count="1" type="stmt"/>
          <line num="45" count="1" type="cond" truecount="1" falsecount="0"/>
          <line num="46" count="3" type="cond" truecount="1" falsecount="1"/>
          <line num="47" count="0" type="stmt"/>
          <line num="49" count="3" type="cond" truecount="1" falsecount="1"/>
          <line num="50" count="0" type="stmt"/>
          <line num="52" count="3" type="cond" truecount="1" falsecount="1"/>
          <line num="53" count="0" type="stmt"/>
          <line num="55" count="3" type="cond" truecount="1" falsecount="1"/>
          <line num="56" count="0" type="stmt"/>
          <line num="58" count="3" type="cond" truecount="1" falsecount="1"/>
          <line num="59" count="0" type="stmt"/>
          <line num="61" count="3" type="cond" truecount="1" falsecount="1"/>
          <line num="62" count="0" type="stmt"/>
          <line num="64" count="3" type="cond" truecount="1" falsecount="1"/>
          <line num="65" count="0" type="stmt"/>
          <line num="68" count="3" type="stmt"/>
          <line num="71" count="1" type="stmt"/>
        </file>
      </package>
    </metrics>
  </project>
</coverage>
