TN:
SF:/Users/brycedooley/Documents/hack reactor/siren/actions/Header.js
FN:6,(anonymous_0)
FNF:1
FNH:1
FNDA:2,(anonymous_0)
DA:1,1
DA:5,1
DA:7,2
LF:3
LH:3
BRF:0
BRH:0
end_of_record
TN:
SF:/Users/brycedooley/Documents/hack reactor/siren/actions/Player.js
FN:14,(anonymous_0)
FN:17,(anonymous_1)
FN:20,(anonymous_2)
FN:23,(anonymous_3)
FN:26,(anonymous_4)
FN:29,(anonymous_5)
FN:32,(anonymous_6)
FN:35,(anonymous_7)
FN:38,(anonymous_8)
FNF:9
FNH:0
FNDA:0,(anonymous_0)
FNDA:0,(anonymous_1)
FNDA:0,(anonymous_2)
FNDA:0,(anonymous_3)
FNDA:0,(anonymous_4)
FNDA:0,(anonymous_5)
FNDA:0,(anonymous_6)
FNDA:0,(anonymous_7)
FNDA:0,(anonymous_8)
DA:1,1
DA:13,1
DA:15,0
DA:18,0
DA:21,0
DA:24,0
DA:27,0
DA:30,0
DA:33,0
DA:36,0
DA:39,0
LF:11
LH:2
BRF:0
BRH:0
end_of_record
TN:
SF:/Users/brycedooley/Documents/hack reactor/siren/actions/index.js
FN:12,(anonymous_0)
FN:15,(anonymous_1)
FN:18,(anonymous_2)
FN:21,(anonymous_3)
FN:24,(anonymous_4)
FN:27,(anonymous_5)
FN:30,(anonymous_6)
FNF:7
FNH:0
FNDA:0,(anonymous_0)
FNDA:0,(anonymous_1)
FNDA:0,(anonymous_2)
FNDA:0,(anonymous_3)
FNDA:0,(anonymous_4)
FNDA:0,(anonymous_5)
FNDA:0,(anonymous_6)
DA:1,1
DA:11,1
DA:13,0
DA:16,0
DA:19,0
DA:22,0
DA:25,0
DA:28,0
DA:31,0
LF:9
LH:2
BRF:0
BRH:0
end_of_record
TN:
SF:/Users/brycedooley/Documents/hack reactor/siren/components/EpisodeListCard.js
FN:8,(anonymous_0)
FN:12,(anonymous_1)
FN:25,(anonymous_2)
FN:47,(anonymous_3)
FN:53,(anonymous_4)
FN:59,(anonymous_5)
FN:81,(anonymous_6)
FN:82,(anonymous_7)
FN:85,(anonymous_8)
FN:86,(anonymous_9)
FNF:10
FNH:0
FNDA:0,(anonymous_0)
FNDA:0,(anonymous_1)
FNDA:0,(anonymous_2)
FNDA:0,(anonymous_3)
FNDA:0,(anonymous_4)
FNDA:0,(anonymous_5)
FNDA:0,(anonymous_6)
FNDA:0,(anonymous_7)
FNDA:0,(anonymous_8)
FNDA:0,(anonymous_9)
DA:6,1
DA:8,1
DA:12,1
DA:13,0
DA:14,0
DA:16,0
DA:17,0
DA:18,0
DA:20,0
DA:26,0
DA:27,0
DA:29,0
DA:30,0
DA:31,0
DA:33,0
DA:34,0
DA:36,0
DA:37,0
DA:39,0
DA:40,0
DA:42,0
DA:43,0
DA:48,0
DA:49,0
DA:50,0
DA:54,0
DA:55,0
DA:56,0
DA:60,0
DA:81,0
DA:82,0
DA:85,0
DA:86,0
DA:95,1
LF:34
LH:4
BRDA:26,0,0,0
BRDA:26,0,1,0
BRDA:30,1,0,0
BRDA:30,1,1,0
BRDA:33,2,0,0
BRDA:33,2,1,0
BRDA:36,3,0,0
BRDA:36,3,1,0
BRDA:39,4,0,0
BRDA:39,4,1,0
BRDA:42,5,0,0
BRDA:42,5,1,0
BRDA:80,6,0,0
BRDA:80,6,1,0
BRDA:84,7,0,0
BRDA:84,7,1,0
BRF:16
BRH:0
end_of_record
TN:
SF:/Users/brycedooley/Documents/hack reactor/siren/components/Filter.js
FN:10,(anonymous_0)
FN:17,(anonymous_1)
FN:19,(anonymous_2)
FN:25,(anonymous_3)
FN:33,(anonymous_4)
FN:44,(anonymous_5)
FN:55,(anonymous_6)
FN:69,(anonymous_7)
FN:70,(anonymous_8)
FN:77,(anonymous_9)
FNF:10
FNH:5
FNDA:1,(anonymous_0)
FNDA:1,(anonymous_1)
FNDA:7,(anonymous_2)
FNDA:1,(anonymous_3)
FNDA:0,(anonymous_4)
FNDA:0,(anonymous_5)
FNDA:0,(anonymous_6)
FNDA:0,(anonymous_7)
FNDA:4,(anonymous_8)
FNDA:0,(anonymous_9)
DA:8,1
DA:10,1
DA:18,1
DA:19,1
DA:20,7
DA:22,1
DA:26,1
DA:33,0
DA:44,0
DA:55,0
DA:69,0
DA:71,4
DA:77,0
DA:84,1
LF:14
LH:9
BRF:0
BRH:0
end_of_record
TN:
SF:/Users/brycedooley/Documents/hack reactor/siren/components/Header.js
FN:10,(anonymous_0)
FN:16,(anonymous_1)
FN:21,(anonymous_2)
FN:22,(anonymous_3)
FN:23,(anonymous_4)
FN:27,(anonymous_5)
FN:28,(anonymous_6)
FNF:7
FNH:2
FNDA:1,(anonymous_0)
FNDA:1,(anonymous_1)
FNDA:0,(anonymous_2)
FNDA:0,(anonymous_3)
FNDA:0,(anonymous_4)
FNDA:0,(anonymous_5)
FNDA:0,(anonymous_6)
DA:10,1
DA:17,1
DA:21,0
DA:22,0
DA:23,0
DA:27,0
DA:28,0
DA:35,1
LF:8
LH:3
BRF:0
BRH:0
end_of_record
TN:
SF:/Users/brycedooley/Documents/hack reactor/siren/components/Modal.js
FN:6,(anonymous_0)
FN:12,(anonymous_1)
FNF:2
FNH:2
FNDA:1,(anonymous_0)
FNDA:1,(anonymous_1)
DA:6,1
DA:13,1
DA:32,1
LF:3
LH:3
BRF:0
BRH:0
end_of_record
TN:
SF:/Users/brycedooley/Documents/hack reactor/siren/reducers/Header.js
FN:7,(anonymous_0)
FNF:1
FNH:1
FNDA:5,(anonymous_0)
DA:3,1
DA:7,1
DA:8,5
DA:9,1
DA:11,4
LF:5
LH:5
BRDA:7,0,0,3
BRDA:8,1,0,1
BRDA:8,1,1,4
BRF:3
BRH:3
end_of_record
TN:
SF:/Users/brycedooley/Documents/hack reactor/siren/reducers/Player.js
FN:14,(anonymous_0)
FNF:1
FNH:1
FNDA:3,(anonymous_0)
DA:3,1
DA:14,1
DA:15,3
DA:16,0
DA:18,3
DA:19,0
DA:21,3
DA:22,0
DA:24,3
DA:25,0
DA:27,3
DA:28,0
DA:30,3
DA:31,0
DA:33,3
DA:34,0
DA:36,3
DA:37,0
DA:39,3
DA:40,0
DA:43,3
LF:21
LH:12
BRDA:14,0,0,3
BRDA:15,1,0,0
BRDA:15,1,1,3
BRDA:18,2,0,0
BRDA:18,2,1,3
BRDA:21,3,0,0
BRDA:21,3,1,3
BRDA:24,4,0,0
BRDA:24,4,1,3
BRDA:27,5,0,0
BRDA:27,5,1,3
BRDA:30,6,0,0
BRDA:30,6,1,3
BRDA:33,7,0,0
BRDA:33,7,1,3
BRDA:36,8,0,0
BRDA:36,8,1,3
BRDA:39,9,0,0
BRDA:39,9,1,3
BRF:19
BRH:10
end_of_record
TN:
SF:/Users/brycedooley/Documents/hack reactor/siren/reducers/index.js
FN:45,(anonymous_0)
FNF:1
FNH:1
FNDA:3,(anonymous_0)
DA:7,1
DA:45,1
DA:46,3
DA:47,0
DA:49,3
DA:50,0
DA:52,3
DA:53,0
DA:55,3
DA:56,0
DA:58,3
DA:59,0
DA:61,3
DA:62,0
DA:64,3
DA:65,0
DA:68,3
DA:71,1
LF:18
LH:11
BRDA:45,0,0,3
BRDA:46,1,0,0
BRDA:46,1,1,3
BRDA:49,2,0,0
BRDA:49,2,1,3
BRDA:52,3,0,0
BRDA:52,3,1,3
BRDA:55,4,0,0
BRDA:55,4,1,3
BRDA:58,5,0,0
BRDA:58,5,1,3
BRDA:61,6,0,0
BRDA:61,6,1,3
BRDA:64,7,0,0
BRDA:64,7,1,3
BRF:15
BRH:8
end_of_record
